-------------------------------------------------------------------------------
Test set: TestRentalCalculator
-------------------------------------------------------------------------------
Tests run: 6, Failures: 6, Errors: 0, Skipped: 0, Time elapsed: 0.002 sec <<< FAILURE!
TestRentalCalculator.testTC6()  Time elapsed: 0.002 sec  <<< FAILURE!
java.lang.NoClassDefFoundError: org/junit/Assert
	at TestRentalCalculator.testTC6(TestRentalCalculator.java:40)
Caused by: java.lang.ClassNotFoundException: org.junit.Assert
	at java.net.URLClassLoader.findClass(URLClassLoader.java:381)
	at java.lang.ClassLoader.loadClass(ClassLoader.java:424)
	at sun.misc.Launcher$AppClassLoader.loadClass(Launcher.java:335)
	at java.lang.ClassLoader.loadClass(ClassLoader.java:357)
	... 19 more

TestRentalCalculator.testTC5()  Time elapsed: 0 sec  <<< FAILURE!
java.lang.NoClassDefFoundError: org/junit/Assert
	at TestRentalCalculator.testTC5(TestRentalCalculator.java:34)

TestRentalCalculator.testTC2()  Time elapsed: 0 sec  <<< FAILURE!
java.lang.NoClassDefFoundError: org/junit/Assert
	at TestRentalCalculator.testTC2(TestRentalCalculator.java:16)

TestRentalCalculator.testTC1()  Time elapsed: 0 sec  <<< FAILURE!
java.lang.NoClassDefFoundError: org/junit/Assert
	at TestRentalCalculator.testTC1(TestRentalCalculator.java:10)

TestRentalCalculator.testTC3()  Time elapsed: 0 sec  <<< FAILURE!
java.lang.NoClassDefFoundError: org/junit/Assert
	at TestRentalCalculator.testTC3(TestRentalCalculator.java:22)

TestRentalCalculator.testTC4()  Time elapsed: 0 sec  <<< FAILURE!
java.lang.NoClassDefFoundError: org/junit/Assert
	at TestRentalCalculator.testTC4(TestRentalCalculator.java:28)

